<?xml version="1.0" encoding="UTF-8"?>
<testsuite xmlns:xsi="http://www.w3.org/2001/XMLSchema-instance" xsi:noNamespaceSchemaLocation="https://maven.apache.org/surefire/maven-surefire-plugin/xsd/surefire-test-report.xsd" name="de.hdm.AppTest" time="0.075" tests="1" errors="0" skipped="0" failures="0">
  <properties>
    <property name="java.specification.version" value="19"/>
    <property name="sun.cpu.isalist" value="amd64"/>
    <property name="sun.jnu.encoding" value="Cp1252"/>
    <property name="java.class.path" value="d:\Dokumente\Studium\Medieninformatik B.Sc\6.Semester\Database and Application\DBgrep\target\test-classes;d:\Dokumente\Studium\Medieninformatik B.Sc\6.Semester\Database and Application\DBgrep\target\classes;C:\Users\geupe\.m2\repository\junit\junit\4.11\junit-4.11.jar;C:\Users\geupe\.m2\repository\org\hamcrest\hamcrest-core\1.3\hamcrest-core-1.3.jar;"/>
    <property name="java.vm.vendor" value="Oracle Corporation"/>
    <property name="sun.arch.data.model" value="64"/>
    <property name="user.variant" value=""/>
    <property name="java.vendor.url" value="https://java.oracle.com/"/>
    <property name="user.timezone" value="Europe/Berlin"/>
    <property name="os.name" value="Windows 10"/>
    <property name="java.vm.specification.version" value="19"/>
    <property name="sun.java.launcher" value="SUN_STANDARD"/>
    <property name="user.country" value="DE"/>
    <property name="sun.boot.library.path" value="C:\Program Files\OpenJDK\jdk-19\bin"/>
    <property name="sun.java.command" value="C:\Users\geupe\AppData\Local\Temp\surefire13903374692181955763\surefirebooter5812099420558629621.jar C:\Users\geupe\AppData\Local\Temp\surefire13903374692181955763 2022-11-02T11-57-18_571-jvmRun1 surefire9093887083584689712tmp surefire_01394725525612178303tmp"/>
    <property name="jdk.debug" value="release"/>
    <property name="surefire.test.class.path" value="d:\Dokumente\Studium\Medieninformatik B.Sc\6.Semester\Database and Application\DBgrep\target\test-classes;d:\Dokumente\Studium\Medieninformatik B.Sc\6.Semester\Database and Application\DBgrep\target\classes;C:\Users\geupe\.m2\repository\junit\junit\4.11\junit-4.11.jar;C:\Users\geupe\.m2\repository\org\hamcrest\hamcrest-core\1.3\hamcrest-core-1.3.jar;"/>
    <property name="sun.cpu.endian" value="little"/>
    <property name="user.home" value="C:\Users\geupe"/>
    <property name="user.language" value="de"/>
    <property name="java.specification.vendor" value="Oracle Corporation"/>
    <property name="java.version.date" value="2022-09-20"/>
    <property name="java.home" value="C:\Program Files\OpenJDK\jdk-19"/>
    <property name="file.separator" value="\"/>
    <property name="basedir" value="d:\Dokumente\Studium\Medieninformatik B.Sc\6.Semester\Database and Application\DBgrep"/>
    <property name="java.vm.compressedOopsMode" value="32-bit"/>
    <property name="line.separator" value="&#10;"/>
    <property name="java.vm.specification.vendor" value="Oracle Corporation"/>
    <property name="java.specification.name" value="Java Platform API Specification"/>
    <property name="surefire.real.class.path" value="C:\Users\geupe\AppData\Local\Temp\surefire13903374692181955763\surefirebooter5812099420558629621.jar"/>
    <property name="user.script" value=""/>
    <property name="sun.management.compiler" value="HotSpot 64-Bit Tiered Compilers"/>
    <property name="java.runtime.version" value="19+36-2238"/>
    <property name="user.name" value="geupe"/>
    <property name="stdout.encoding" value="Cp1252"/>
    <property name="path.separator" value=";"/>
    <property name="os.version" value="10.0"/>
    <property name="java.runtime.name" value="OpenJDK Runtime Environment"/>
    <property name="file.encoding" value="UTF-8"/>
    <property name="java.vm.name" value="OpenJDK 64-Bit Server VM"/>
    <property name="localRepository" value="C:\Users\geupe\.m2\repository"/>
    <property name="java.vendor.url.bug" value="https://bugreport.java.com/bugreport/"/>
    <property name="java.io.tmpdir" value="C:\Users\geupe\AppData\Local\Temp\"/>
    <property name="java.version" value="19"/>
    <property name="user.dir" value="d:\Dokumente\Studium\Medieninformatik B.Sc\6.Semester\Database and Application\DBgrep"/>
    <property name="os.arch" value="amd64"/>
    <property name="java.vm.specification.name" value="Java Virtual Machine Specification"/>
    <property name="sun.os.patch.level" value=""/>
    <property name="native.encoding" value="Cp1252"/>
    <property name="java.library.path" value="C:\Program Files\OpenJDK\jdk-19\bin;C:\WINDOWS\Sun\Java\bin;C:\WINDOWS\system32;C:\WINDOWS;C:\Users\geupe\bin;C:\Program Files\Git\mingw64\bin;C:\Program Files\Git\usr\local\bin;C:\Program Files\Git\usr\bin;C:\Program Files\Git\usr\bin;C:\Program Files\Git\mingw64\bin;C:\Program Files\Git\usr\bin;C:\Users\geupe\bin;C:\Python310\Scripts;C:\Python310;C:\WINDOWS\system32;C:\WINDOWS;C:\WINDOWS\System32\Wbem;C:\WINDOWS\System32\WindowsPowerShell\v1.0;C:\WINDOWS\System32\OpenSSH;C:\Program Files\Git\;C:\Users\geupe\AppData\Local\Programs\Python\Python39;C:\Users\geupe\AppData\Local\Programs\Python\Python39\Scripts;C:\Users\geupe\AppData\Local\Pandoc;C:\Strawberry\c\bin;C:\Strawberry\perl\site\bin;C:\Strawberry\perl\bin;C:\ProgramData\chocolatey\bin;C:\Program Files\OpenJDK\jdk-19\bin;C:\ProgramData\chocolatey\lib\maven\apache-maven-3.8.6\bin;C:\Program Files\Docker\Docker\resources\bin;C:\Users\geupe\AppData\Local\Microsoft\WindowsApps;C:\Users\geupe\AppData\Local\Programs\Microsoft VS Code\bin;C:\Users\geupe\AppData\Local\Programs\MiKTeX\miktex\bin\x64;C:\Users\geupe\AppData\Local\JetBrains\Toolbox\scripts;C:\Program Files\Oracle\VirtualBox;C:\Program Files\Git\usr\bin\vendor_perl;C:\Program Files\Git\usr\bin\core_perl;."/>
    <property name="java.vm.info" value="mixed mode, sharing"/>
    <property name="stderr.encoding" value="Cp1252"/>
    <property name="java.vendor" value="Oracle Corporation"/>
    <property name="java.vm.version" value="19+36-2238"/>
    <property name="sun.io.unicode.encoding" value="UnicodeLittle"/>
    <property name="java.class.version" value="63.0"/>
  </properties>
  <testcase name="shouldAnswerWithTrue" classname="de.hdm.AppTest" time="0.007"/>
</testsuite>